This is pdfTeX, Version 3.1415926-2.3-1.40.12 (TeX Live 2011) (format=pdflatex 2011.7.3)  17 MAY 2012 22:46
entering extended mode
 restricted \write18 enabled.
 %&-line parsing enabled.
**SofaerProject.tex
(./SofaerProject.tex
LaTeX2e <2009/09/24>
Babel <v3.8l> and hyphenation patterns for english, dumylang, nohyphenation, ge
rman-x-2009-06-19, ngerman-x-2009-06-19, afrikaans, ancientgreek, ibycus, arabi
c, armenian, basque, bulgarian, catalan, pinyin, coptic, croatian, czech, danis
h, dutch, ukenglish, usenglishmax, esperanto, estonian, ethiopic, farsi, finnis
h, french, galician, german, ngerman, swissgerman, monogreek, greek, hungarian,
 icelandic, assamese, bengali, gujarati, hindi, kannada, malayalam, marathi, or
iya, panjabi, tamil, telugu, indonesian, interlingua, irish, italian, kurmanji,
 lao, latin, latvian, lithuanian, mongolian, mongolianlmc, bokmal, nynorsk, pol
ish, portuguese, romanian, russian, sanskrit, serbian, serbianc, slovak, sloven
ian, spanish, swedish, turkish, turkmen, ukrainian, uppersorbian, welsh, loaded
.
(/usr/local/texlive/2011/texmf-dist/tex/latex/base/article.cls
Document Class: article 2007/10/19 v1.4h Standard LaTeX document class
(/usr/local/texlive/2011/texmf-dist/tex/latex/base/size10.clo
File: size10.clo 2007/10/19 v1.4h Standard LaTeX file (size option)
)
\c@part=\count79
\c@section=\count80
\c@subsection=\count81
\c@subsubsection=\count82
\c@paragraph=\count83
\c@subparagraph=\count84
\c@figure=\count85
\c@table=\count86
\abovecaptionskip=\skip41
\belowcaptionskip=\skip42
\bibindent=\dimen102
)
(/usr/local/texlive/2011/texmf-dist/tex/latex/graphics/graphicx.sty
Package: graphicx 1999/02/16 v1.0f Enhanced LaTeX Graphics (DPC,SPQR)

(/usr/local/texlive/2011/texmf-dist/tex/latex/graphics/keyval.sty
Package: keyval 1999/03/16 v1.13 key=value parser (DPC)
\KV@toks@=\toks14
)
(/usr/local/texlive/2011/texmf-dist/tex/latex/graphics/graphics.sty
Package: graphics 2009/02/05 v1.0o Standard LaTeX Graphics (DPC,SPQR)

(/usr/local/texlive/2011/texmf-dist/tex/latex/graphics/trig.sty
Package: trig 1999/03/16 v1.09 sin cos tan (DPC)
)
(/usr/local/texlive/2011/texmf-dist/tex/latex/latexconfig/graphics.cfg
File: graphics.cfg 2010/04/23 v1.9 graphics configuration of TeX Live
)
Package graphics Info: Driver file: pdftex.def on input line 91.

(/usr/local/texlive/2011/texmf-dist/tex/latex/pdftex-def/pdftex.def
File: pdftex.def 2011/05/27 v0.06d Graphics/color for pdfTeX

(/usr/local/texlive/2011/texmf-dist/tex/generic/oberdiek/infwarerr.sty
Package: infwarerr 2010/04/08 v1.3 Providing info/warning/message (HO)
)
(/usr/local/texlive/2011/texmf-dist/tex/generic/oberdiek/ltxcmds.sty
Package: ltxcmds 2011/04/18 v1.20 LaTeX kernel commands for general use (HO)
)
\Gread@gobject=\count87
))
\Gin@req@height=\dimen103
\Gin@req@width=\dimen104
)
(/usr/local/texlive/2011/texmf-dist/tex/latex/amsfonts/amssymb.sty
Package: amssymb 2009/06/22 v3.00

(/usr/local/texlive/2011/texmf-dist/tex/latex/amsfonts/amsfonts.sty
Package: amsfonts 2009/06/22 v3.00 Basic AMSFonts support
\@emptytoks=\toks15
\symAMSa=\mathgroup4
\symAMSb=\mathgroup5
LaTeX Font Info:    Overwriting math alphabet `\mathfrak' in version `bold'
(Font)                  U/euf/m/n --> U/euf/b/n on input line 96.
))
(/usr/local/texlive/2011/texmf-dist/tex/latex/lastpage/lastpage.sty
Package: lastpage 2011/02/01 v1.2g Refers to last page's name (HMM; JPG)
)
(/usr/local/texlive/2011/texmf-dist/tex/latex/oberdiek/epstopdf.sty
Package: epstopdf 2010/02/09 v2.5 Conversion with epstopdf on the fly (HO)

(/usr/local/texlive/2011/texmf-dist/tex/latex/oberdiek/epstopdf-base.sty
Package: epstopdf-base 2010/02/09 v2.5 Base part for package epstopdf

(/usr/local/texlive/2011/texmf-dist/tex/latex/oberdiek/grfext.sty
Package: grfext 2010/08/19 v1.1 Managing graphics extensions (HO)

(/usr/local/texlive/2011/texmf-dist/tex/generic/oberdiek/kvdefinekeys.sty
Package: kvdefinekeys 2011/04/07 v1.3 Defining keys (HO)
))
(/usr/local/texlive/2011/texmf-dist/tex/latex/oberdiek/kvoptions.sty
Package: kvoptions 2010/12/23 v3.10 Keyval support for LaTeX options (HO)

(/usr/local/texlive/2011/texmf-dist/tex/generic/oberdiek/kvsetkeys.sty
Package: kvsetkeys 2011/04/07 v1.13 Key value parser (HO)

(/usr/local/texlive/2011/texmf-dist/tex/generic/oberdiek/etexcmds.sty
Package: etexcmds 2011/02/16 v1.5 Prefix for e-TeX command names (HO)

(/usr/local/texlive/2011/texmf-dist/tex/generic/oberdiek/ifluatex.sty
Package: ifluatex 2010/03/01 v1.3 Provides the ifluatex switch (HO)
Package ifluatex Info: LuaTeX not detected.
)
Package etexcmds Info: Could not find \expanded.
(etexcmds)             That can mean that you are not using pdfTeX 1.50 or
(etexcmds)             that some package has redefined \expanded.
(etexcmds)             In the latter case, load this package earlier.
)))
(/usr/local/texlive/2011/texmf-dist/tex/generic/oberdiek/pdftexcmds.sty
Package: pdftexcmds 2011/04/22 v0.16 Utilities of pdfTeX for LuaTeX (HO)

(/usr/local/texlive/2011/texmf-dist/tex/generic/oberdiek/ifpdf.sty
Package: ifpdf 2011/01/30 v2.3 Provides the ifpdf switch (HO)
Package ifpdf Info: pdfTeX in PDF mode is detected.
)
Package pdftexcmds Info: LuaTeX not detected.
Package pdftexcmds Info: \pdf@primitive is available.
Package pdftexcmds Info: \pdf@ifprimitive is available.
Package pdftexcmds Info: \pdfdraftmode found.
)
Package grfext Info: Graphics extension search list:
(grfext)             [.png,.pdf,.jpg,.mps,.jpeg,.jbig2,.jb2,.PNG,.PDF,.JPG,.JPE
G,.JBIG2,.JB2,.eps]
(grfext)             \AppendGraphicsExtensions on input line 452.

(/usr/local/texlive/2011/texmf-dist/tex/latex/latexconfig/epstopdf-sys.cfg
File: epstopdf-sys.cfg 2010/07/13 v1.3 Configuration of (r)epstopdf for TeX Liv
e
)))
(/usr/local/texlive/2011/texmf-dist/tex/latex/fancyhdr/fancyhdr.sty
\fancy@headwidth=\skip43
\f@ncyO@elh=\skip44
\f@ncyO@erh=\skip45
\f@ncyO@olh=\skip46
\f@ncyO@orh=\skip47
\f@ncyO@elf=\skip48
\f@ncyO@erf=\skip49
\f@ncyO@olf=\skip50
\f@ncyO@orf=\skip51
)
(./SofaerProject.aux)
\openout1 = `SofaerProject.aux'.

LaTeX Font Info:    Checking defaults for OML/cmm/m/it on input line 23.
LaTeX Font Info:    ... okay on input line 23.
LaTeX Font Info:    Checking defaults for T1/cmr/m/n on input line 23.
LaTeX Font Info:    ... okay on input line 23.
LaTeX Font Info:    Checking defaults for OT1/cmr/m/n on input line 23.
LaTeX Font Info:    ... okay on input line 23.
LaTeX Font Info:    Checking defaults for OMS/cmsy/m/n on input line 23.
LaTeX Font Info:    ... okay on input line 23.
LaTeX Font Info:    Checking defaults for OMX/cmex/m/n on input line 23.
LaTeX Font Info:    ... okay on input line 23.
LaTeX Font Info:    Checking defaults for U/cmr/m/n on input line 23.
LaTeX Font Info:    ... okay on input line 23.

(/usr/local/texlive/2011/texmf-dist/tex/context/base/supp-pdf.mkii
[Loading MPS to PDF converter (version 2006.09.02).]
\scratchcounter=\count88
\scratchdimen=\dimen105
\scratchbox=\box26
\nofMPsegments=\count89
\nofMParguments=\count90
\everyMPshowfont=\toks16
\MPscratchCnt=\count91
\MPscratchDim=\dimen106
\MPnumerator=\count92
\makeMPintoPDFobject=\count93
\everyMPtoPDFconversion=\toks17
)
Package lastpage Info: Please have a look at the pagesLTS package at
(lastpage)             http://www.ctan.org/tex-archive/ 
(lastpage)             macros/latex/contrib/pagesLTS/ 
(lastpage)             or
(lastpage)             http://www.ctan.org/tex-archive/ 
(lastpage)             install/macros/latex/contrib/pagesLTS.tds.zip
(lastpage)             ! on input line 23.
LaTeX Font Info:    Try loading font information for U+msa on input line 24.
 (/usr/local/texlive/2011/texmf-dist/tex/latex/amsfonts/umsa.fd
File: umsa.fd 2009/06/22 v3.00 AMS symbols A
)
LaTeX Font Info:    Try loading font information for U+msb on input line 24.

(/usr/local/texlive/2011/texmf-dist/tex/latex/amsfonts/umsb.fd
File: umsb.fd 2009/06/22 v3.00 AMS symbols B
) (./Normal.tex
Package epstopdf Info: Source file: <Normal.eps>
(epstopdf)                    date: 2012-05-17 17:12:28
(epstopdf)                    size: 85908 bytes
(epstopdf)             Output file: <Normal-eps-converted-to.pdf>
(epstopdf)                    date: 2012-05-17 17:12:28
(epstopdf)                    size: 46412 bytes
(epstopdf)             Command: <repstopdf --outfile=Normal-eps-converted-to.pd
f Normal.eps>
(epstopdf)             \includegraphics on input line 117.
Package epstopdf Info: Output file is already uptodate.

<Normal-eps-converted-to.pdf, id=1, 578.16pt x 433.62pt>
File: Normal-eps-converted-to.pdf Graphic file (type pdf)

<use Normal-eps-converted-to.pdf>
Package pdftex.def Info: Normal-eps-converted-to.pdf used on input line 117.
(pdftex.def)             Requested size: 578.15858pt x 433.61894pt.
) (./Rest.tex
Package epstopdf Info: Source file: <Rest.eps>
(epstopdf)                    date: 2012-05-17 17:12:28
(epstopdf)                    size: 82732 bytes
(epstopdf)             Output file: <Rest-eps-converted-to.pdf>
(epstopdf)                    date: 2012-05-17 17:12:28
(epstopdf)                    size: 7684 bytes
(epstopdf)             Command: <repstopdf --outfile=Rest-eps-converted-to.pdf 
Rest.eps>
(epstopdf)             \includegraphics on input line 113.
Package epstopdf Info: Output file is already uptodate.

<Rest-eps-converted-to.pdf, id=2, 578.16pt x 433.62pt>
File: Rest-eps-converted-to.pdf Graphic file (type pdf)

<use Rest-eps-converted-to.pdf>
Package pdftex.def Info: Rest-eps-converted-to.pdf used on input line 113.
(pdftex.def)             Requested size: 578.15858pt x 433.61894pt.
)
Overfull \hbox (16.89024pt too wide) in paragraph at lines 35--37
[][]
 []


Overfull \hbox (1.89024pt too wide) in paragraph at lines 35--37
[] 
 []

[1

{/usr/local/texlive/2011/texmf-var/fonts/map/pdftex/updmap/pdftex.map} <./Norma
l-eps-converted-to.pdf>] (./Noise.tex
Package epstopdf Info: Source file: <Noise.eps>
(epstopdf)                    date: 2012-05-17 17:26:07
(epstopdf)                    size: 106093 bytes
(epstopdf)             Output file: <Noise-eps-converted-to.pdf>
(epstopdf)                    date: 2012-05-17 17:26:37
(epstopdf)                    size: 48429 bytes
(epstopdf)             Command: <repstopdf --outfile=Noise-eps-converted-to.pdf
 Noise.eps>
(epstopdf)             \includegraphics on input line 113.
Package epstopdf Info: Output file is already uptodate.

<Noise-eps-converted-to.pdf, id=14, 578.16pt x 433.62pt>
File: Noise-eps-converted-to.pdf Graphic file (type pdf)

<use Noise-eps-converted-to.pdf>
Package pdftex.def Info: Noise-eps-converted-to.pdf used on input line 113.
(pdftex.def)             Requested size: 578.15858pt x 433.61894pt.
)
Overfull \hbox (1.89024pt too wide) in paragraph at lines 45--57
[]
 []

! Undefined control sequence.
\f@ncyolf ->\lastxmark 
                       \strut 
l.57 
     
The control sequence at the end of the top line
of your error message was never \def'ed. If you have
misspelled it (e.g., `\hobx'), type `I' and the correct
spelling (e.g., `I\hbox'). Otherwise just continue,
and I'll forget about whatever was undefined.

[2 <./Rest-eps-converted-to.pdf>] (./WideHeatMap.tex
Package epstopdf Info: Source file: <WideHeatMap.eps>
(epstopdf)                    date: 2012-05-17 18:41:23
(epstopdf)                    size: 109053 bytes
(epstopdf)             Output file: <WideHeatMap-eps-converted-to.pdf>
(epstopdf)                    date: 2012-05-17 18:58:53
(epstopdf)                    size: 13883 bytes
(epstopdf)             Command: <repstopdf --outfile=WideHeatMap-eps-converted-
to.pdf WideHeatMap.eps>
(epstopdf)             \includegraphics on input line 131.
Package epstopdf Info: Output file is already uptodate.

<WideHeatMap-eps-converted-to.pdf, id=22, 578.16pt x 433.62pt>
File: WideHeatMap-eps-converted-to.pdf Graphic file (type pdf)

<use WideHeatMap-eps-converted-to.pdf>
Package pdftex.def Info: WideHeatMap-eps-converted-to.pdf used on input line 13
1.
(pdftex.def)             Requested size: 578.15858pt x 433.61894pt.
)
Overfull \hbox (1.89024pt too wide) in paragraph at lines 59--65
[] 
 []

! Undefined control sequence.
\f@ncyolf ->\lastxmark 
                       \strut 
l.66 A
      bove the region of out-of-phase firing, the second grid search shows t...
The control sequence at the end of the top line
of your error message was never \def'ed. If you have
misspelled it (e.g., `\hobx'), type `I' and the correct
spelling (e.g., `I\hbox'). Otherwise just continue,
and I'll forget about whatever was undefined.

[3 <./Noise-eps-converted-to.pdf>] (./nSpikesHeatMap.tex
Package epstopdf Info: Source file: <nSpikesHeatMap.eps>
(epstopdf)                    date: 2012-05-17 20:16:07
(epstopdf)                    size: 128674 bytes
(epstopdf)             Output file: <nSpikesHeatMap-eps-converted-to.pdf>
(epstopdf)                    date: 2012-05-17 20:20:05
(epstopdf)                    size: 18018 bytes
(epstopdf)             Command: <repstopdf --outfile=nSpikesHeatMap-eps-convert
ed-to.pdf nSpikesHeatMap.eps>
(epstopdf)             \includegraphics on input line 125.
Package epstopdf Info: Output file is already uptodate.

<nSpikesHeatMap-eps-converted-to.pdf, id=28, 578.16pt x 433.62pt>
File: nSpikesHeatMap-eps-converted-to.pdf Graphic file (type pdf)

<use nSpikesHeatMap-eps-converted-to.pdf>
Package pdftex.def Info: nSpikesHeatMap-eps-converted-to.pdf used on input line
 125.
(pdftex.def)             Requested size: 578.15858pt x 433.61894pt.
)
Overfull \hbox (1.89024pt too wide) in paragraph at lines 66--70
[] 
 []

! Undefined control sequence.
\f@ncyolf ->\lastxmark 
                       \strut 
l.71 W
      e can see from the two contour maps added together (so the color is es...
The control sequence at the end of the top line
of your error message was never \def'ed. If you have
misspelled it (e.g., `\hobx'), type `I' and the correct
spelling (e.g., `I\hbox'). Otherwise just continue,
and I'll forget about whatever was undefined.

[4 <./WideHeatMap-eps-converted-to.pdf>] (./ComHeatMap.tex
Package epstopdf Info: Source file: <ComHeatMap.eps>
(epstopdf)                    date: 2012-05-17 20:19:55
(epstopdf)                    size: 220872 bytes
(epstopdf)             Output file: <ComHeatMap-eps-converted-to.pdf>
(epstopdf)                    date: 2012-05-17 20:20:06
(epstopdf)                    size: 30295 bytes
(epstopdf)             Command: <repstopdf --outfile=ComHeatMap-eps-converted-t
o.pdf ComHeatMap.eps>
(epstopdf)             \includegraphics on input line 111.
Package epstopdf Info: Output file is already uptodate.

<ComHeatMap-eps-converted-to.pdf, id=35, 578.16pt x 433.62pt>
File: ComHeatMap-eps-converted-to.pdf Graphic file (type pdf)

<use ComHeatMap-eps-converted-to.pdf>
Package pdftex.def Info: ComHeatMap-eps-converted-to.pdf used on input line 111
.
(pdftex.def)             Requested size: 578.15858pt x 433.61894pt.
) (./NormalSlightNoise.tex
Package epstopdf Info: Source file: <NormalSlightNoise.eps>
(epstopdf)                    date: 2012-05-17 19:35:34
(epstopdf)                    size: 86070 bytes
(epstopdf)             Output file: <NormalSlightNoise-eps-converted-to.pdf>
(epstopdf)                    date: 2012-05-17 19:47:48
(epstopdf)                    size: 45142 bytes
(epstopdf)             Command: <repstopdf --outfile=NormalSlightNoise-eps-conv
erted-to.pdf NormalSlightNoise.eps>
(epstopdf)             \includegraphics on input line 117.
Package epstopdf Info: Output file is already uptodate.

<NormalSlightNoise-eps-converted-to.pdf, id=36, 578.16pt x 433.62pt>
File: NormalSlightNoise-eps-converted-to.pdf Graphic file (type pdf)

<use NormalSlightNoise-eps-converted-to.pdf>
Package pdftex.def Info: NormalSlightNoise-eps-converted-to.pdf used on input l
ine 117.
(pdftex.def)             Requested size: 578.15858pt x 433.61894pt.
)
Overfull \hbox (1.89024pt too wide) in paragraph at lines 76--79
[] 
 []

! Undefined control sequence.
\f@ncyolf ->\lastxmark 
                       \strut 
l.79 
     
The control sequence at the end of the top line
of your error message was never \def'ed. If you have
misspelled it (e.g., `\hobx'), type `I' and the correct
spelling (e.g., `I\hbox'). Otherwise just continue,
and I'll forget about whatever was undefined.

[5 <./nSpikesHeatMap-eps-converted-to.pdf> <./ComHeatMap-eps-converted-to.pdf>]
(./DisruptedTurningOff.tex
Package epstopdf Info: Source file: <DisruptedTurningOff.eps>
(epstopdf)                    date: 2012-05-17 20:49:48
(epstopdf)                    size: 84689 bytes
(epstopdf)             Output file: <DisruptedTurningOff-eps-converted-to.pdf>
(epstopdf)                    date: 2012-05-17 20:50:32
(epstopdf)                    size: 31229 bytes
(epstopdf)             Command: <repstopdf --outfile=DisruptedTurningOff-eps-co
nverted-to.pdf DisruptedTurningOff.eps>
(epstopdf)             \includegraphics on input line 117.
Package epstopdf Info: Output file is already uptodate.

<DisruptedTurningOff-eps-converted-to.pdf, id=45, 578.16pt x 433.62pt>
File: DisruptedTurningOff-eps-converted-to.pdf Graphic file (type pdf)

<use DisruptedTurningOff-eps-converted-to.pdf>
Package pdftex.def Info: DisruptedTurningOff-eps-converted-to.pdf used on input
 line 117.
(pdftex.def)             Requested size: 578.15858pt x 433.61894pt.
) (./SupressedSpikes.tex
Package epstopdf Info: Source file: <SupressedSpikes.eps>
(epstopdf)                    date: 2012-05-17 20:36:32
(epstopdf)                    size: 85922 bytes
(epstopdf)             Output file: <SupressedSpikes-eps-converted-to.pdf>
(epstopdf)                    date: 2012-05-17 20:50:33
(epstopdf)                    size: 43398 bytes
(epstopdf)             Command: <repstopdf --outfile=SupressedSpikes-eps-conver
ted-to.pdf SupressedSpikes.eps>
(epstopdf)             \includegraphics on input line 117.
Package epstopdf Info: Output file is already uptodate.

<SupressedSpikes-eps-converted-to.pdf, id=46, 578.16pt x 433.62pt>
File: SupressedSpikes-eps-converted-to.pdf Graphic file (type pdf)

<use SupressedSpikes-eps-converted-to.pdf>
Package pdftex.def Info: SupressedSpikes-eps-converted-to.pdf used on input lin
e 117.
(pdftex.def)             Requested size: 578.15858pt x 433.61894pt.
)
Overfull \hbox (1.89024pt too wide) in paragraph at lines 84--87
[] 
 []

! Undefined control sequence.
\f@ncyolf ->\lastxmark 
                       \strut 
l.87 
     
The control sequence at the end of the top line
of your error message was never \def'ed. If you have
misspelled it (e.g., `\hobx'), type `I' and the correct
spelling (e.g., `I\hbox'). Otherwise just continue,
and I'll forget about whatever was undefined.

[6 <./NormalSlightNoise-eps-converted-to.pdf> <./DisruptedTurningOff-eps-conver
ted-to.pdf>] (./SubthresholdOutOfPhase.tex
Package epstopdf Info: Source file: <SubthresholdOutOfPhase.eps>
(epstopdf)                    date: 2012-05-17 20:58:11
(epstopdf)                    size: 84286 bytes
(epstopdf)             Output file: <SubthresholdOutOfPhase-eps-converted-to.pd
f>
(epstopdf)                    date: 2012-05-17 21:25:27
(epstopdf)                    size: 25446 bytes
(epstopdf)             Command: <repstopdf --outfile=SubthresholdOutOfPhase-eps
-converted-to.pdf SubthresholdOutOfPhase.eps>
(epstopdf)             \includegraphics on input line 113.
Package epstopdf Info: Output file is already uptodate.

<SubthresholdOutOfPhase-eps-converted-to.pdf, id=54, 578.16pt x 433.62pt>
File: SubthresholdOutOfPhase-eps-converted-to.pdf Graphic file (type pdf)

<use SubthresholdOutOfPhase-eps-converted-to.pdf>
Package pdftex.def Info: SubthresholdOutOfPhase-eps-converted-to.pdf used on in
put line 113.
(pdftex.def)             Requested size: 578.15858pt x 433.61894pt.
)
Overfull \hbox (1.89024pt too wide) in paragraph at lines 88--91
[] 
 []

! Undefined control sequence.
\f@ncyolf ->\lastxmark 
                       \strut 
l.92 A
      t very levels of high inhibitory gain, we see a competition regime, wh...
The control sequence at the end of the top line
of your error message was never \def'ed. If you have
misspelled it (e.g., `\hobx'), type `I' and the correct
spelling (e.g., `I\hbox'). Otherwise just continue,
and I'll forget about whatever was undefined.

[7 <./SupressedSpikes-eps-converted-to.pdf>] (./Competition.tex
Package epstopdf Info: Source file: <Competition.eps>
(epstopdf)                    date: 2012-05-17 21:31:41
(epstopdf)                    size: 85482 bytes
(epstopdf)             Output file: <Competition-eps-converted-to.pdf>
(epstopdf)                    date: 2012-05-17 22:13:31
(epstopdf)                    size: 39914 bytes
(epstopdf)             Command: <repstopdf --outfile=Competition-eps-converted-
to.pdf Competition.eps>
(epstopdf)             \includegraphics on input line 117.
Package epstopdf Info: Output file is already uptodate.

<Competition-eps-converted-to.pdf, id=61, 578.16pt x 433.62pt>
File: Competition-eps-converted-to.pdf Graphic file (type pdf)

<use Competition-eps-converted-to.pdf>
Package pdftex.def Info: Competition-eps-converted-to.pdf used on input line 11
7.
(pdftex.def)             Requested size: 578.15858pt x 433.61894pt.
)
Overfull \hbox (1.89024pt too wide) in paragraph at lines 92--95
[] 
 []

! Undefined control sequence.
\f@ncyolf ->\lastxmark 
                       \strut 
l.96 A
      t high levels of noise, the noise starts to overcome the inhibitory co...
The control sequence at the end of the top line
of your error message was never \def'ed. If you have
misspelled it (e.g., `\hobx'), type `I' and the correct
spelling (e.g., `I\hbox'). Otherwise just continue,
and I'll forget about whatever was undefined.

[8 <./SubthresholdOutOfPhase-eps-converted-to.pdf>] (./Simultaneous.tex
Package epstopdf Info: Source file: <Simultaneous.eps>
(epstopdf)                    date: 2012-05-17 21:55:54
(epstopdf)                    size: 85728 bytes
(epstopdf)             Output file: <Simultaneous-eps-converted-to.pdf>
(epstopdf)                    date: 2012-05-17 22:13:32
(epstopdf)                    size: 43105 bytes
(epstopdf)             Command: <repstopdf --outfile=Simultaneous-eps-converted
-to.pdf Simultaneous.eps>
(epstopdf)             \includegraphics on input line 117.
Package epstopdf Info: Output file is already uptodate.

<Simultaneous-eps-converted-to.pdf, id=67, 578.16pt x 433.62pt>
File: Simultaneous-eps-converted-to.pdf Graphic file (type pdf)

<use Simultaneous-eps-converted-to.pdf>
Package pdftex.def Info: Simultaneous-eps-converted-to.pdf used on input line 1
17.
(pdftex.def)             Requested size: 578.15858pt x 433.61894pt.
)
Overfull \hbox (1.89024pt too wide) in paragraph at lines 96--99
[] 
 []

! Undefined control sequence.
\f@ncyolf ->\lastxmark 
                       \strut 
l.99 \section
             *{Conclusions}
The control sequence at the end of the top line
of your error message was never \def'ed. If you have
misspelled it (e.g., `\hobx'), type `I' and the correct
spelling (e.g., `I\hbox'). Otherwise just continue,
and I'll forget about whatever was undefined.

[9 <./Competition-eps-converted-to.pdf>] AED: lastpage setting LastPage 
! Undefined control sequence.
\f@ncyolf ->\lastxmark 
                       \strut 
l.108 \end{document}
                    
The control sequence at the end of the top line
of your error message was never \def'ed. If you have
misspelled it (e.g., `\hobx'), type `I' and the correct
spelling (e.g., `I\hbox'). Otherwise just continue,
and I'll forget about whatever was undefined.

[10 <./Simultaneous-eps-converted-to.pdf>] (./SofaerProject.aux) ) 
Here is how much of TeX's memory you used:
 2025 strings out of 493633
 28951 string characters out of 3143378
 82544 words of memory out of 3000000
 5257 multiletter control sequences out of 15000+200000
 10888 words of font info for 43 fonts, out of 3000000 for 9000
 831 hyphenation exceptions out of 8191
 42i,11n,43p,328b,204s stack positions out of 5000i,500n,10000p,200000b,50000s
</usr/local/t
exlive/2011/texmf-dist/fonts/type1/public/amsfonts/cm/cmbx12.pfb></usr/local/te
xlive/2011/texmf-dist/fonts/type1/public/amsfonts/cm/cmmi10.pfb></usr/local/tex
live/2011/texmf-dist/fonts/type1/public/amsfonts/cm/cmmi7.pfb></usr/local/texli
ve/2011/texmf-dist/fonts/type1/public/amsfonts/cm/cmr10.pfb></usr/local/texlive
/2011/texmf-dist/fonts/type1/public/amsfonts/cm/cmr12.pfb></usr/local/texlive/2
011/texmf-dist/fonts/type1/public/amsfonts/cm/cmr17.pfb>
Output written on SofaerProject.pdf (10 pages, 444578 bytes).
PDF statistics:
 99 PDF objects out of 1000 (max. 8388607)
 68 compressed objects within 1 object stream
 0 named destinations out of 1000 (max. 500000)
 61 words of extra memory for PDF output out of 10000 (max. 10000000)

